<?xml version="1.0" encoding="UTF-8"?>
<!-- Generated by org.testng.reporters.JUnitReportReporter -->
<testsuite hostname="localhost.localdomain" name="tn.activity.logger.CategoriesTest" tests="3" failures="0" timestamp="2 Apr 2015 15:12:06 GMT" time="0.017" errors="0">
  <testcase name="testNullCategory" time="0.001" classname="tn.activity.logger.CategoriesTest"/>
  <testcase name="testCategories" time="0.012" classname="tn.activity.logger.CategoriesTest"/>
  <testcase name="testCategoryElements" time="0.004" classname="tn.activity.logger.CategoriesTest"/>
</testsuite> <!-- tn.activity.logger.CategoriesTest -->
